<?xml version="1.0" encoding="UTF-8"?>
<testng-results skipped="0" failed="0" ignored="0" total="2" passed="2">
  <reporter-output>
  </reporter-output>
  <suite name="somke" duration-ms="26" started-at="2017-12-20T09:39:51Z" finished-at="2017-12-20T09:39:51Z">
    <groups>
    </groups>
    <test name="smoke" duration-ms="26" started-at="2017-12-20T09:39:51Z" finished-at="2017-12-20T09:39:51Z">
      <class name="eeee.TestApp">
        <test-method status="PASS" signature="AppTest()[pri:0, instance:eeee.TestApp@73035e27]" name="AppTest" is-config="true" duration-ms="9" started-at="2017-12-20T17:39:51Z" finished-at="2017-12-20T17:39:51Z">
          <reporter-output>
          </reporter-output>
        </test-method> <!-- AppTest -->
        <test-method status="PASS" signature="one()[pri:0, instance:eeee.TestApp@73035e27]" name="one" duration-ms="0" started-at="2017-12-20T17:39:51Z" finished-at="2017-12-20T17:39:51Z">
          <reporter-output>
          </reporter-output>
        </test-method> <!-- one -->
        <test-method status="PASS" signature="two()[pri:0, instance:eeee.TestApp@73035e27]" name="two" duration-ms="0" started-at="2017-12-20T17:39:51Z" finished-at="2017-12-20T17:39:51Z">
          <reporter-output>
          </reporter-output>
        </test-method> <!-- two -->
      </class> <!-- eeee.TestApp -->
    </test> <!-- smoke -->
  </suite> <!-- somke -->
</testng-results>
